{"numTotalTestSuites":4,"numPassedTestSuites":4,"numFailedTestSuites":0,"numPendingTestSuites":0,"numTotalTests":11,"numPassedTests":11,"numFailedTests":0,"numPendingTests":0,"numTodoTests":0,"snapshot":{"added":0,"failure":false,"filesAdded":0,"filesRemoved":0,"filesRemovedList":[],"filesUnmatched":0,"filesUpdated":0,"matched":0,"total":0,"unchecked":0,"uncheckedKeysByFile":[],"unmatched":0,"updated":0,"didUpdate":false},"startTime":1789495981633,"success":true,"testResults":[{"assertionResults":[{"ancestorTitles":["initNav"],"fullName":"initNav adds .scrolled when scrollY > 10","status":"passed","title":"adds .scrolled when scrollY > 10","duration":10.569810000000075,"failureMessages":[],"meta":{}},{"ancestorTitles":["initNav"],"fullName":"initNav removes .scrolled when back at top","status":"passed","title":"removes .scrolled when back at top","duration":2.414278999999965,"failureMessages":[],"meta":{}},{"ancestorTitles":["initNav"],"fullName":"initNav does not add .scrolled at exactly 10px (threshold is > 10)","status":"passed","title":"does not add .scrolled at exactly 10px (threshold is > 10)","duration":2.559737000000041,"failureMessages":[],"meta":{}},{"ancestorTitles":["initNav"],"fullName":"initNav toggles .open on the links when the hamburger is clicked","status":"passed","title":"toggles .open on the links when the hamburger is clicked","duration":2.4338290000000598,"failureMessages":[],"meta":{}},{"ancestorTitles":["initNav"],"fullName":"initNav closes the menu when a nav link is clicked","status":"passed","title":"closes the menu when a nav link is clicked","duration":3.3947429999999486,"failureMessages":[],"meta":{}},{"ancestorTitles":["initReveal"],"fullName":"initReveal observes every .reveal element with the 0.12 threshold","status":"passed","title":"observes every .reveal element with the 0.12 threshold","duration":2.173520000000053,"failureMessages":[],"meta":{}},{"ancestorTitles":["initReveal"],"fullName":"initReveal assigns staggered transitionDelay of (i % 4) * 70ms","status":"passed","title":"assigns staggered transitionDelay of (i % 4) * 70ms","duration":1.379034000000047,"failureMessages":[],"meta":{}},{"ancestorTitles":["initReveal"],"fullName":"initReveal adds .visible when the element intersects and stops observing it","status":"passed","title":"adds .visible when the element intersects and stops observing it","duration":1.1747440000000324,"failureMessages":[],"meta":{}},{"ancestorTitles":["initReveal"],"fullName":"initReveal ignores non-intersecting entries","status":"passed","title":"ignores non-intersecting entries","duration":1.1420249999999896,"failureMessages":[],"meta":{}},{"ancestorTitles":["setYear"],"fullName":"setYear writes the current year into #year","status":"passed","title":"writes the current year into #year","duration":0.6541669999999158,"failureMessages":[],"meta":{}},{"ancestorTitles":["setYear"],"fullName":"setYear is a no-op when #year is missing","status":"passed","title":"is a no-op when #year is missing","duration":0.7686160000000655,"failureMessages":[],"meta":{}}],"startTime":1789495982190,"endTime":1789495982219.7686,"status":"passed","message":"","name":"/home/dani/Workspace/landing-daniel/tests/unit/main.test.js"}]}