{"numTotalTestSuites":4,"numPassedTestSuites":4,"numFailedTestSuites":0,"numPendingTestSuites":0,"numTotalTests":11,"numPassedTests":11,"numFailedTests":0,"numPendingTests":0,"numTodoTests":0,"snapshot":{"added":0,"failure":false,"filesAdded":0,"filesRemoved":0,"filesRemovedList":[],"filesUnmatched":0,"filesUpdated":0,"matched":0,"total":0,"unchecked":0,"uncheckedKeysByFile":[],"unmatched":0,"updated":0,"didUpdate":false},"startTime":1789510828928,"success":true,"testResults":[{"assertionResults":[{"ancestorTitles":["initNav"],"fullName":"initNav adds .scrolled when scrollY > 10","status":"passed","title":"adds .scrolled when scrollY > 10","duration":16.646342000000004,"failureMessages":[],"meta":{}},{"ancestorTitles":["initNav"],"fullName":"initNav removes .scrolled when back at top","status":"passed","title":"removes .scrolled when back at top","duration":5.154239000000075,"failureMessages":[],"meta":{}},{"ancestorTitles":["initNav"],"fullName":"initNav does not add .scrolled at exactly 10px (threshold is > 10)","status":"passed","title":"does not add .scrolled at exactly 10px (threshold is > 10)","duration":5.514760999999908,"failureMessages":[],"meta":{}},{"ancestorTitles":["initNav"],"fullName":"initNav toggles .open on the links when the hamburger is clicked","status":"passed","title":"toggles .open on the links when the hamburger is clicked","duration":7.7547570000000405,"failureMessages":[],"meta":{}},{"ancestorTitles":["initNav"],"fullName":"initNav closes the menu when a nav link is clicked","status":"passed","title":"closes the menu when a nav link is clicked","duration":6.3246299999999565,"failureMessages":[],"meta":{}},{"ancestorTitles":["initReveal"],"fullName":"initReveal observes every .reveal element with the 0.12 threshold","status":"passed","title":"observes every .reveal element with the 0.12 threshold","duration":6.407455000000027,"failureMessages":[],"meta":{}},{"ancestorTitles":["initReveal"],"fullName":"initReveal assigns staggered transitionDelay of (i % 4) * 70ms","status":"passed","title":"assigns staggered transitionDelay of (i % 4) * 70ms","duration":2.813634000000093,"failureMessages":[],"meta":{}},{"ancestorTitles":["initReveal"],"fullName":"initReveal adds .visible when the element intersects and stops observing it","status":"passed","title":"adds .visible when the element intersects and stops observing it","duration":2.7697829999999612,"failureMessages":[],"meta":{}},{"ancestorTitles":["initReveal"],"fullName":"initReveal ignores non-intersecting entries","status":"passed","title":"ignores non-intersecting entries","duration":2.385978000000023,"failureMessages":[],"meta":{}},{"ancestorTitles":["setYear"],"fullName":"setYear writes the current year into #year","status":"passed","title":"writes the current year into #year","duration":1.0399589999999534,"failureMessages":[],"meta":{}},{"ancestorTitles":["setYear"],"fullName":"setYear is a no-op when #year is missing","status":"passed","title":"is a no-op when #year is missing","duration":1.18300499999998,"failureMessages":[],"meta":{}}],"startTime":1789510829602,"endTime":1789510829660.183,"status":"passed","message":"","name":"/home/runner/work/danielmoreno.dev/danielmoreno.dev/tests/unit/main.test.js"}]}